==================
WARNING: ThreadSanitizer: data race (pid=17665)
  Read of size 8 at 0x7ffe3678e380 by thread T2:
    #0 operator() /home/alumnos/a0495723/arquitectura_labs/lab6/counter-tsan/counter.cpp:38 (counter+0x27eb)
    #1 __invoke_impl<void, main()::<lambda()> > /usr/include/c++/12/bits/invoke.h:61 (counter+0x27eb)
    #2 __invoke<main()::<lambda()> > /usr/include/c++/12/bits/invoke.h:96 (counter+0x27eb)
    #3 _M_invoke<0> /usr/include/c++/12/bits/std_thread.h:252 (counter+0x27eb)
    #4 operator() /usr/include/c++/12/bits/std_thread.h:259 (counter+0x27eb)
    #5 _M_run /usr/include/c++/12/bits/std_thread.h:210 (counter+0x27eb)
    #6 <null> <null> (libstdc++.so.6+0xd44a2)

  Previous write of size 8 at 0x7ffe3678e380 by thread T1:
    #0 operator() /home/alumnos/a0495723/arquitectura_labs/lab6/counter-tsan/counter.cpp:37 (counter+0x2831)
    #1 __invoke_impl<void, main()::<lambda()> > /usr/include/c++/12/bits/invoke.h:61 (counter+0x2831)
    #2 __invoke<main()::<lambda()> > /usr/include/c++/12/bits/invoke.h:96 (counter+0x2831)
    #3 _M_invoke<0> /usr/include/c++/12/bits/std_thread.h:252 (counter+0x2831)
    #4 operator() /usr/include/c++/12/bits/std_thread.h:259 (counter+0x2831)
    #5 _M_run /usr/include/c++/12/bits/std_thread.h:210 (counter+0x2831)
    #6 <null> <null> (libstdc++.so.6+0xd44a2)

  Location is stack of main thread.

  Location is global '<null>' at 0x000000000000 ([stack]+0x1e380)

  Thread T2 (tid=17668, running) created by main thread at:
    #0 pthread_create ../../../../src/libsanitizer/tsan/tsan_interceptors_posix.cpp:1001 (libtsan.so.2+0x5e686)
    #1 std::thread::_M_start_thread(std::unique_ptr<std::thread::_State, std::default_delete<std::thread::_State> >, void (*)()) <null> (libstdc++.so.6+0xd4578)
    #2 <null> <null> (libc.so.6+0x27249)

  Thread T1 (tid=17667, finished) created by main thread at:
    #0 pthread_create ../../../../src/libsanitizer/tsan/tsan_interceptors_posix.cpp:1001 (libtsan.so.2+0x5e686)
    #1 std::thread::_M_start_thread(std::unique_ptr<std::thread::_State, std::default_delete<std::thread::_State> >, void (*)()) <null> (libstdc++.so.6+0xd4578)
    #2 <null> <null> (libc.so.6+0x27249)

SUMMARY: ThreadSanitizer: data race /home/alumnos/a0495723/arquitectura_labs/lab6/counter-tsan/counter.cpp:38 in operator()
==================
==================
WARNING: ThreadSanitizer: data race (pid=17665)
  Read of size 8 at 0x7ffe3678e388 by thread T2:
    #0 operator() /home/alumnos/a0495723/arquitectura_labs/lab6/counter-tsan/counter.cpp:38 (counter+0x27fc)
    #1 __invoke_impl<void, main()::<lambda()> > /usr/include/c++/12/bits/invoke.h:61 (counter+0x27fc)
    #2 __invoke<main()::<lambda()> > /usr/include/c++/12/bits/invoke.h:96 (counter+0x27fc)
    #3 _M_invoke<0> /usr/include/c++/12/bits/std_thread.h:252 (counter+0x27fc)
    #4 operator() /usr/include/c++/12/bits/std_thread.h:259 (counter+0x27fc)
    #5 _M_run /usr/include/c++/12/bits/std_thread.h:210 (counter+0x27fc)
    #6 <null> <null> (libstdc++.so.6+0xd44a2)

  Previous write of size 8 at 0x7ffe3678e388 by thread T1:
    #0 operator() /home/alumnos/a0495723/arquitectura_labs/lab6/counter-tsan/counter.cpp:37 (counter+0x2842)
    #1 __invoke_impl<void, main()::<lambda()> > /usr/include/c++/12/bits/invoke.h:61 (counter+0x2842)
    #2 __invoke<main()::<lambda()> > /usr/include/c++/12/bits/invoke.h:96 (counter+0x2842)
    #3 _M_invoke<0> /usr/include/c++/12/bits/std_thread.h:252 (counter+0x2842)
    #4 operator() /usr/include/c++/12/bits/std_thread.h:259 (counter+0x2842)
    #5 _M_run /usr/include/c++/12/bits/std_thread.h:210 (counter+0x2842)
    #6 <null> <null> (libstdc++.so.6+0xd44a2)

  Location is stack of main thread.

  Location is global '<null>' at 0x000000000000 ([stack]+0x1e388)

  Thread T2 (tid=17668, running) created by main thread at:
    #0 pthread_create ../../../../src/libsanitizer/tsan/tsan_interceptors_posix.cpp:1001 (libtsan.so.2+0x5e686)
    #1 std::thread::_M_start_thread(std::unique_ptr<std::thread::_State, std::default_delete<std::thread::_State> >, void (*)()) <null> (libstdc++.so.6+0xd4578)
    #2 <null> <null> (libc.so.6+0x27249)

  Thread T1 (tid=17667, finished) created by main thread at:
    #0 pthread_create ../../../../src/libsanitizer/tsan/tsan_interceptors_posix.cpp:1001 (libtsan.so.2+0x5e686)
    #1 std::thread::_M_start_thread(std::unique_ptr<std::thread::_State, std::default_delete<std::thread::_State> >, void (*)()) <null> (libstdc++.so.6+0xd4578)
    #2 <null> <null> (libc.so.6+0x27249)

SUMMARY: ThreadSanitizer: data race /home/alumnos/a0495723/arquitectura_labs/lab6/counter-tsan/counter.cpp:38 in operator()
==================
counter = 1.6e+06
Time = 61744 microseconds
ThreadSanitizer: reported 2 warnings
